<?xml version="1.0" encoding="UTF-8"?>
<testsuite xmlns:xsi="http://www.w3.org/2001/XMLSchema-instance" xsi:noNamespaceSchemaLocation="https://maven.apache.org/surefire/maven-surefire-plugin/xsd/surefire-test-report.xsd" version="3.0.1" name="es.upm.grise.profundizacion.file.FileTest" time="0.145" tests="7" errors="0" skipped="0" failures="0">
  <properties>
[...]
</properties>
  <testcase name="getCRC32_withContent_usesFileUtilsAndConvertsBytesCorrectly" classname="es.upm.grise.profundizacion.file.FileTest" time="0.061"/>
  <testcase name="getCRC32_twoChars_byteArraySizeIsDouble" classname="es.upm.grise.profundizacion.file.FileTest" time="0.002"/>
  <testcase name="constructor_initializesContent" classname="es.upm.grise.profundizacion.file.FileTest" time="0.005"/>
  <testcase name="getCRC32_empty_returnsZero" classname="es.upm.grise.profundizacion.file.FileTest" time="0.001"/>
  <testcase name="addProperty_appendsContent" classname="es.upm.grise.profundizacion.file.FileTest" time="0.002"/>
  <testcase name="addProperty_imageType_throwsWrongFileTypeException" classname="es.upm.grise.profundizacion.file.FileTest" time="0.009"/>
  <testcase name="addProperty_null_throwsInvalidContentException" classname="es.upm.grise.profundizacion.file.FileTest" time="0.002"/>
</testsuite>